2025-06-06 20:14:22,348 - INFO - ✅ 5종목 디렉토리 구조 생성 완료
2025-06-06 20:14:22,545 - INFO - ✅ opencv-python
2025-06-06 20:14:23,461 - INFO - ✅ mediapipe
2025-06-06 20:14:23,461 - INFO - ✅ numpy
2025-06-06 20:14:24,532 - INFO - ✅ scikit-learn
2025-06-06 20:14:24,532 - INFO - ✅ joblib
2025-06-06 20:14:24,533 - INFO - ✅ 모든 의존성 패키지 확인 완료
2025-06-06 20:14:24,533 - INFO - 📊 5종목 훈련 데이터 현황:
2025-06-06 20:14:24,541 - INFO -   ✅ 🏋️‍♀️ squat: 500개
2025-06-06 20:14:24,549 - INFO -   ✅ 💪 push_up: 500개
2025-06-06 20:14:24,556 - INFO -   ✅ 🏋️‍♂️ deadlift: 500개
2025-06-06 20:14:24,558 - INFO -   ❌ 🔥 bench_press: 0개
2025-06-06 20:14:24,558 - INFO -   ❌ 💯 pull_up: 0개
2025-06-06 20:14:24,559 - INFO - 📸 총 이미지: 1500개
2025-06-06 20:14:24,559 - INFO - 🎯 사용 가능한 운동: 3종목
2025-06-06 20:14:24,559 - INFO - 🔄 5종목 데이터 전처리 시작...
2025-06-06 20:14:24,573 - INFO - 📂 🏋️‍♀️ squat 처리 중...
2025-06-06 20:15:21,023 - INFO - 📂 💪 push_up 처리 중...
2025-06-06 20:16:13,842 - INFO - 📂 🏋️‍♂️ deadlift 처리 중...
2025-06-06 20:16:13,915 - INFO - 📂 🔥 bench_press 처리 중...
2025-06-06 20:16:13,916 - INFO -   ⚠️ bench_press 데이터 없음 - 건너뜀
2025-06-06 20:16:13,916 - INFO - 📂 💯 pull_up 처리 중...
2025-06-06 20:16:13,916 - INFO -   ⚠️ pull_up 데이터 없음 - 건너뜀
2025-06-06 20:16:13,916 - INFO - ✅ 5종목 데이터 전처리 완료!
2025-06-06 20:16:13,916 - INFO - 🎯 처리된 운동: 3종목
2025-06-06 20:16:13,916 - INFO -   🏋️‍♀️ squat: Good 0장 (0.0%), Bad 483장
2025-06-06 20:16:13,917 - INFO -   💪 push_up: Good 0장 (0.0%), Bad 481장
