2025-06-06 20:05:48,294 - INFO - ✅ 5종목 디렉토리 구조 생성 완료
2025-06-06 20:05:48,488 - INFO - ✅ opencv-python
2025-06-06 20:05:49,336 - INFO - ✅ mediapipe
2025-06-06 20:05:49,336 - INFO - ✅ numpy
2025-06-06 20:05:50,309 - INFO - ✅ scikit-learn
2025-06-06 20:05:50,309 - INFO - ✅ joblib
2025-06-06 20:05:50,309 - INFO - ✅ 모든 의존성 패키지 확인 완료
2025-06-06 20:05:50,311 - INFO - 📊 5종목 훈련 데이터 현황:
2025-06-06 20:05:50,316 - INFO -   ✅ 🏋️‍♀️ squat: 500개
2025-06-06 20:05:50,321 - INFO -   ✅ 💪 push_up: 500개
2025-06-06 20:05:50,328 - INFO -   ✅ 🏋️‍♂️ deadlift: 500개
2025-06-06 20:05:50,328 - INFO -   ❌ 🔥 bench_press: 0개
2025-06-06 20:05:50,330 - INFO -   ⚠️ 💯 pull_up: 1개 (부족)
2025-06-06 20:05:50,330 - INFO - 📸 총 이미지: 1501개
2025-06-06 20:05:50,330 - INFO - 🎯 사용 가능한 운동: 4종목
2025-06-06 20:05:50,330 - INFO - 🔄 5종목 데이터 전처리 시작...
2025-06-06 20:05:50,344 - INFO - 📂 🏋️‍♀️ squat 처리 중...
2025-06-06 20:05:50,413 - INFO - 📂 💪 push_up 처리 중...
2025-06-06 20:06:43,376 - INFO - 📂 🏋️‍♂️ deadlift 처리 중...
2025-06-06 20:06:43,439 - INFO - 📂 🔥 bench_press 처리 중...
2025-06-06 20:06:43,439 - INFO -   ⚠️ bench_press 데이터 없음 - 건너뜀
2025-06-06 20:06:43,439 - INFO - 📂 💯 pull_up 처리 중...
2025-06-06 20:06:43,570 - INFO - ✅ 5종목 데이터 전처리 완료!
2025-06-06 20:06:43,570 - INFO - 🎯 처리된 운동: 4종목
2025-06-06 20:06:43,570 - INFO -   💪 push_up: Good 0장 (0.0%), Bad 481장
2025-06-06 20:06:43,570 - INFO -   💯 pull_up: Good 0장 (0.0%), Bad 1장
