2025-06-06 20:01:29,561 - INFO - ✅ 5종목 디렉토리 구조 생성 완료
2025-06-06 20:01:29,756 - INFO - ✅ opencv-python
2025-06-06 20:01:30,605 - INFO - ✅ mediapipe
2025-06-06 20:01:30,605 - INFO - ✅ numpy
2025-06-06 20:01:31,754 - INFO - ✅ scikit-learn
2025-06-06 20:01:31,754 - INFO - ✅ joblib
2025-06-06 20:01:31,754 - INFO - ✅ 모든 의존성 패키지 확인 완료
2025-06-06 20:01:31,756 - INFO - 📊 5종목 훈련 데이터 현황:
2025-06-06 20:01:31,763 - INFO -   ✅ 🏋️‍♀️ squat: 500개
2025-06-06 20:01:31,773 - INFO -   ✅ 💪 push_up: 500개
2025-06-06 20:01:31,780 - INFO -   ✅ 🏋️‍♂️ deadlift: 500개
2025-06-06 20:01:31,781 - INFO -   ❌ 🔥 bench_press: 0개
2025-06-06 20:01:31,782 - INFO -   ❌ 💯 pull_up: 0개
2025-06-06 20:01:31,782 - INFO - 📸 총 이미지: 1500개
2025-06-06 20:01:31,783 - INFO - 🎯 사용 가능한 운동: 3종목
2025-06-06 20:01:31,783 - INFO - 🔄 5종목 데이터 전처리 시작...
2025-06-06 20:01:31,828 - INFO - 📂 🏋️‍♀️ squat 처리 중...
2025-06-06 20:01:36,346 - INFO - 📂 💪 push_up 처리 중...
2025-06-06 20:02:32,263 - INFO - 📂 🏋️‍♂️ deadlift 처리 중...
2025-06-06 20:02:36,633 - INFO - 📂 🔥 bench_press 처리 중...
2025-06-06 20:02:36,633 - INFO -   ⚠️ bench_press 데이터 없음 - 건너뜀
2025-06-06 20:02:36,633 - INFO - 📂 💯 pull_up 처리 중...
2025-06-06 20:02:36,634 - INFO -   ⚠️ pull_up 데이터 없음 - 건너뜀
2025-06-06 20:02:36,634 - INFO - ✅ 5종목 데이터 전처리 완료!
2025-06-06 20:02:36,634 - INFO - 🎯 처리된 운동: 3종목
2025-06-06 20:02:36,634 - INFO -   💪 push_up: Good 0장 (0.0%), Bad 481장
