2025-06-06 21:12:14,679 - INFO - ✅ 5종목 디렉토리 구조 생성 완료
2025-06-06 21:12:14,876 - INFO - ✅ opencv-python
2025-06-06 21:12:15,766 - INFO - ✅ mediapipe
2025-06-06 21:12:15,767 - INFO - ✅ numpy
2025-06-06 21:12:16,780 - INFO - ✅ scikit-learn
2025-06-06 21:12:16,780 - INFO - ✅ joblib
2025-06-06 21:12:16,780 - INFO - ✅ 모든 의존성 패키지 확인 완료
2025-06-06 21:12:16,780 - INFO - 📊 5종목 훈련 데이터 현황:
2025-06-06 21:12:16,786 - INFO -   ✅ 🏋️‍♀️ squat: 500개
2025-06-06 21:12:16,792 - INFO -   ✅ 💪 push_up: 500개
2025-06-06 21:12:16,800 - INFO -   ✅ 🏋️‍♂️ deadlift: 500개
2025-06-06 21:12:16,801 - INFO -   ❌ 🔥 bench_press: 0개
2025-06-06 21:12:16,801 - INFO -   ❌ 💯 pull_up: 0개
2025-06-06 21:12:16,801 - INFO - 📸 총 이미지: 1500개
2025-06-06 21:12:16,803 - INFO - 🎯 사용 가능한 운동: 3종목
2025-06-06 21:12:16,803 - INFO - 🔄 5종목 데이터 전처리 시작... (완화된 기준 적용)
2025-06-06 21:12:16,830 - INFO - 📂 🏋️‍♀️ squat 처리 중...
2025-06-06 21:13:10,330 - INFO - 📂 💪 push_up 처리 중...
2025-06-06 21:14:03,235 - INFO - 📂 🏋️‍♂️ deadlift 처리 중...
2025-06-06 21:14:03,303 - INFO - 📂 🔥 bench_press 처리 중...
2025-06-06 21:14:03,303 - INFO -   ⚠️ bench_press 데이터 없음 - 건너뜀
2025-06-06 21:14:03,303 - INFO - 📂 💯 pull_up 처리 중...
2025-06-06 21:14:03,304 - INFO -   ⚠️ pull_up 데이터 없음 - 건너뜀
2025-06-06 21:14:03,304 - INFO - ✅ 5종목 데이터 전처리 완료! (완화된 기준)
2025-06-06 21:14:03,304 - INFO - 🎯 처리된 운동: 3종목
2025-06-06 21:14:03,304 - INFO -   🏋️‍♀️ squat: Good 487장 (100.0%), Bad 0장
2025-06-06 21:14:03,304 - INFO -   💪 push_up: Good 450장 (92.2%), Bad 38장
