2025-06-06 21:28:15,067 - INFO - ✅ 5종목 디렉토리 구조 생성 완료
2025-06-06 21:28:15,268 - INFO - ✅ opencv-python
2025-06-06 21:28:16,158 - INFO - ✅ mediapipe
2025-06-06 21:28:16,158 - INFO - ✅ numpy
2025-06-06 21:28:17,151 - INFO - ✅ scikit-learn
2025-06-06 21:28:17,151 - INFO - ✅ joblib
2025-06-06 21:28:17,151 - INFO - ✅ 모든 의존성 패키지 확인 완료
2025-06-06 21:28:17,152 - INFO - 📊 5종목 훈련 데이터 현황:
2025-06-06 21:28:17,157 - INFO -   ✅ 🏋️‍♀️ squat: 500개
2025-06-06 21:28:17,163 - INFO -   ✅ 💪 push_up: 500개
2025-06-06 21:28:17,169 - INFO -   ✅ 🏋️‍♂️ deadlift: 500개
2025-06-06 21:28:17,170 - INFO -   ❌ 🔥 bench_press: 0개
2025-06-06 21:28:17,171 - INFO -   ❌ 💯 pull_up: 0개
2025-06-06 21:28:17,171 - INFO - 📸 총 이미지: 1500개
2025-06-06 21:28:17,171 - INFO - 🎯 사용 가능한 운동: 3종목
2025-06-06 21:28:17,171 - INFO - 🔄 5종목 데이터 전처리 시작... (완화된 기준 적용)
2025-06-06 21:28:17,205 - INFO - 📂 🏋️‍♀️ squat 처리 중...
2025-06-06 21:29:10,298 - INFO - 📂 💪 push_up 처리 중...
2025-06-06 21:30:03,240 - INFO - 📂 🏋️‍♂️ deadlift 처리 중...
2025-06-06 21:30:03,309 - INFO - 📂 🔥 bench_press 처리 중...
2025-06-06 21:30:03,311 - INFO -   ⚠️ bench_press 데이터 없음 - 건너뜀
2025-06-06 21:30:03,311 - INFO - 📂 💯 pull_up 처리 중...
2025-06-06 21:30:03,311 - INFO -   ⚠️ pull_up 데이터 없음 - 건너뜀
2025-06-06 21:30:03,311 - INFO - ✅ 5종목 데이터 전처리 완료! (완화된 기준)
2025-06-06 21:30:03,311 - INFO - 🎯 처리된 운동: 3종목
2025-06-06 21:30:03,311 - INFO -   🏋️‍♀️ squat: Good 421장 (86.4%), Bad 66장
2025-06-06 21:30:03,311 - INFO -   💪 push_up: Good 450장 (92.2%), Bad 38장
