2025-06-06 21:03:19,483 - INFO - ✅ 5종목 디렉토리 구조 생성 완료
2025-06-06 21:03:19,694 - INFO - ✅ opencv-python
2025-06-06 21:03:20,593 - INFO - ✅ mediapipe
2025-06-06 21:03:20,594 - INFO - ✅ numpy
2025-06-06 21:03:21,686 - INFO - ✅ scikit-learn
2025-06-06 21:03:21,686 - INFO - ✅ joblib
2025-06-06 21:03:21,686 - INFO - ✅ 모든 의존성 패키지 확인 완료
2025-06-06 21:03:21,686 - INFO - 📊 5종목 훈련 데이터 현황:
2025-06-06 21:03:21,692 - INFO -   ✅ 🏋️‍♀️ squat: 500개
2025-06-06 21:03:21,698 - INFO -   ✅ 💪 push_up: 500개
2025-06-06 21:03:21,705 - INFO -   ✅ 🏋️‍♂️ deadlift: 500개
2025-06-06 21:03:21,706 - INFO -   ❌ 🔥 bench_press: 0개
2025-06-06 21:03:21,706 - INFO -   ❌ 💯 pull_up: 0개
2025-06-06 21:03:21,706 - INFO - 📸 총 이미지: 1500개
2025-06-06 21:03:21,708 - INFO - 🎯 사용 가능한 운동: 3종목
2025-06-06 21:03:21,708 - INFO - 🔄 5종목 데이터 전처리 시작... (완화된 기준 적용)
2025-06-06 21:03:21,721 - INFO - 📂 🏋️‍♀️ squat 처리 중...
2025-06-06 21:04:13,719 - INFO - 📂 💪 push_up 처리 중...
2025-06-06 21:05:05,808 - INFO - 📂 🏋️‍♂️ deadlift 처리 중...
2025-06-06 21:05:05,873 - INFO - 📂 🔥 bench_press 처리 중...
2025-06-06 21:05:05,873 - INFO -   ⚠️ bench_press 데이터 없음 - 건너뜀
2025-06-06 21:05:05,873 - INFO - 📂 💯 pull_up 처리 중...
2025-06-06 21:05:05,874 - INFO -   ⚠️ pull_up 데이터 없음 - 건너뜀
2025-06-06 21:05:05,874 - INFO - ✅ 5종목 데이터 전처리 완료! (완화된 기준)
2025-06-06 21:05:05,874 - INFO - 🎯 처리된 운동: 3종목
2025-06-06 21:05:05,874 - INFO -   🏋️‍♀️ squat: Good 127장 (26.3%), Bad 356장
2025-06-06 21:05:05,874 - INFO -   💪 push_up: Good 0장 (0.0%), Bad 481장
