2025-06-07 20:26:48,226 - INFO - ✅ 풀업→런지 교체 5종목 디렉토리 구조 생성 완료
2025-06-07 20:26:48,462 - INFO - ✅ opencv-python
2025-06-07 20:26:49,550 - INFO - ✅ mediapipe
2025-06-07 20:26:49,551 - INFO - ✅ numpy
2025-06-07 20:26:50,881 - INFO - ✅ scikit-learn
2025-06-07 20:26:50,881 - INFO - ✅ joblib
2025-06-07 20:26:50,881 - INFO - ✅ 모든 의존성 패키지 확인 완료
2025-06-07 20:26:50,881 - INFO - 📊 풀업→런지 교체 5종목 훈련 데이터 현황:
2025-06-07 20:26:50,888 - INFO -   ✅ 🏋️‍♀️ squat: 500개 
2025-06-07 20:26:50,896 - INFO -   ✅ 💪 push_up: 500개 
2025-06-07 20:26:50,903 - INFO -   ✅ 🏋️‍♂️ deadlift: 500개 
2025-06-07 20:26:50,909 - INFO -   ✅ 🔥 bench_press: 500개 
2025-06-07 20:26:50,910 - INFO -   ❌ 🚀 lunge: 0개 (새로 추가 필요)
2025-06-07 20:26:50,911 - INFO - 📸 총 이미지: 2000개
2025-06-07 20:26:50,911 - INFO - 🎯 사용 가능한 운동: 4종목
2025-06-07 20:26:50,911 - INFO - 🔄 풀업→런지 교체 5종목 데이터 전처리 시작... (완화된 기준 적용)
2025-06-07 20:26:50,951 - INFO - 📂 🏋️‍♀️ squat 처리 중...
2025-06-07 20:27:53,909 - INFO - 📂 💪 push_up 처리 중...
2025-06-07 20:28:55,760 - INFO - 📂 🏋️‍♂️ deadlift 처리 중...
2025-06-07 20:29:59,100 - INFO - 📂 🔥 bench_press 처리 중...
2025-06-07 20:30:57,301 - INFO - 📂 🚀 lunge 처리 중...
2025-06-07 20:30:57,301 - INFO -   ⚠️ lunge 데이터 없음 (새로 추가 필요)
2025-06-07 20:30:57,301 - INFO - ✅ 풀업→런지 교체 5종목 데이터 전처리 완료! (완화된 기준)
2025-06-07 20:30:57,301 - INFO - 🎯 처리된 운동: 4종목
2025-06-07 20:30:57,302 - INFO -   🏋️‍♀️ squat: Good 6장 (1.2%), Bad 481장
2025-06-07 20:30:57,302 - INFO -   💪 push_up: Good 0장 (0.0%), Bad 488장
2025-06-07 20:30:57,302 - INFO -   🏋️‍♂️ deadlift: Good 0장 (0.0%), Bad 495장
2025-06-07 20:30:57,302 - INFO -   🔥 bench_press: Good 2장 (0.4%), Bad 463장
