2025-06-06 21:18:34,083 - INFO - ✅ 5종목 디렉토리 구조 생성 완료
2025-06-06 21:18:34,279 - INFO - ✅ opencv-python
2025-06-06 21:18:35,134 - INFO - ✅ mediapipe
2025-06-06 21:18:35,134 - INFO - ✅ numpy
2025-06-06 21:18:36,134 - INFO - ✅ scikit-learn
2025-06-06 21:18:36,134 - INFO - ✅ joblib
2025-06-06 21:18:36,135 - INFO - ✅ 모든 의존성 패키지 확인 완료
2025-06-06 21:18:36,135 - INFO - 📊 5종목 훈련 데이터 현황:
2025-06-06 21:18:36,141 - INFO -   ✅ 🏋️‍♀️ squat: 500개
2025-06-06 21:18:36,146 - INFO -   ✅ 💪 push_up: 500개
2025-06-06 21:18:36,153 - INFO -   ✅ 🏋️‍♂️ deadlift: 500개
2025-06-06 21:18:36,154 - INFO -   ❌ 🔥 bench_press: 0개
2025-06-06 21:18:36,155 - INFO -   ❌ 💯 pull_up: 0개
2025-06-06 21:18:36,155 - INFO - 📸 총 이미지: 1500개
2025-06-06 21:18:36,155 - INFO - 🎯 사용 가능한 운동: 3종목
2025-06-06 21:18:36,155 - INFO - 🔄 5종목 데이터 전처리 시작... (완화된 기준 적용)
2025-06-06 21:18:36,175 - INFO - 📂 🏋️‍♀️ squat 처리 중...
2025-06-06 21:19:29,535 - INFO - 📂 💪 push_up 처리 중...
2025-06-06 21:20:22,356 - INFO - 📂 🏋️‍♂️ deadlift 처리 중...
2025-06-06 21:20:22,423 - INFO - 📂 🔥 bench_press 처리 중...
2025-06-06 21:20:22,423 - INFO -   ⚠️ bench_press 데이터 없음 - 건너뜀
2025-06-06 21:20:22,425 - INFO - 📂 💯 pull_up 처리 중...
2025-06-06 21:20:22,425 - INFO -   ⚠️ pull_up 데이터 없음 - 건너뜀
2025-06-06 21:20:22,425 - INFO - ✅ 5종목 데이터 전처리 완료! (완화된 기준)
2025-06-06 21:20:22,426 - INFO - 🎯 처리된 운동: 3종목
2025-06-06 21:20:22,426 - INFO -   🏋️‍♀️ squat: Good 487장 (100.0%), Bad 0장
2025-06-06 21:20:22,426 - INFO -   💪 push_up: Good 450장 (92.2%), Bad 38장
