2025-06-07 20:05:53,219 - INFO - ✅ 풀업→런지 교체 5종목 디렉토리 구조 생성 완료
2025-06-07 20:05:54,218 - INFO - ✅ opencv-python
2025-06-07 20:05:56,338 - INFO - ✅ mediapipe
2025-06-07 20:05:56,338 - INFO - ✅ numpy
2025-06-07 20:06:03,306 - INFO - ✅ scikit-learn
2025-06-07 20:06:03,306 - INFO - ✅ joblib
2025-06-07 20:06:03,306 - INFO - ✅ 모든 의존성 패키지 확인 완료
2025-06-07 20:06:03,308 - INFO - 📊 풀업→런지 교체 5종목 훈련 데이터 현황:
2025-06-07 20:06:03,313 - INFO -   ✅ 🏋️‍♀️ squat: 500개 
2025-06-07 20:06:03,321 - INFO -   ✅ 💪 push_up: 500개 
2025-06-07 20:06:03,326 - INFO -   ✅ 🏋️‍♂️ deadlift: 500개 
2025-06-07 20:06:03,334 - INFO -   ✅ 🔥 bench_press: 500개 
2025-06-07 20:06:03,336 - INFO -   ❌ 🚀 lunge: 0개 (새로 추가 필요)
2025-06-07 20:06:03,336 - INFO - 📸 총 이미지: 2000개
2025-06-07 20:06:03,336 - INFO - 🎯 사용 가능한 운동: 4종목
2025-06-07 20:06:03,336 - INFO - 🔄 풀업→런지 교체 5종목 데이터 전처리 시작... (완화된 기준 적용)
2025-06-07 20:06:03,398 - INFO - 📂 🏋️‍♀️ squat 처리 중...
2025-06-07 20:07:02,255 - INFO - 📂 💪 push_up 처리 중...
2025-06-07 20:08:01,888 - INFO - 📂 🏋️‍♂️ deadlift 처리 중...
2025-06-07 20:09:05,693 - INFO - 📂 🔥 bench_press 처리 중...
2025-06-07 20:10:05,295 - INFO - 📂 🚀 lunge 처리 중...
2025-06-07 20:10:05,296 - INFO -   ⚠️ lunge 데이터 없음 (새로 추가 필요)
2025-06-07 20:10:05,296 - INFO - ✅ 풀업→런지 교체 5종목 데이터 전처리 완료! (완화된 기준)
2025-06-07 20:10:05,297 - INFO - 🎯 처리된 운동: 4종목
2025-06-07 20:10:05,297 - INFO -   🏋️‍♀️ squat: Good 421장 (86.4%), Bad 66장
2025-06-07 20:10:05,297 - INFO -   💪 push_up: Good 450장 (92.2%), Bad 38장
2025-06-07 20:10:05,297 - INFO -   🏋️‍♂️ deadlift: Good 6장 (1.2%), Bad 489장
2025-06-07 20:10:05,297 - INFO -   🔥 bench_press: Good 465장 (100.0%), Bad 0장
