2025-06-06 20:54:21,337 - INFO - ✅ 5종목 디렉토리 구조 생성 완료
2025-06-06 20:54:21,532 - INFO - ✅ opencv-python
2025-06-06 20:54:22,388 - INFO - ✅ mediapipe
2025-06-06 20:54:22,388 - INFO - ✅ numpy
2025-06-06 20:54:27,465 - INFO - ✅ scikit-learn
2025-06-06 20:54:27,465 - INFO - ✅ joblib
2025-06-06 20:54:27,465 - INFO - ✅ 모든 의존성 패키지 확인 완료
2025-06-06 20:54:27,466 - INFO - 📊 5종목 훈련 데이터 현황:
2025-06-06 20:54:27,472 - INFO -   ✅ 🏋️‍♀️ squat: 500개
2025-06-06 20:54:27,478 - INFO -   ✅ 💪 push_up: 500개
2025-06-06 20:54:27,484 - INFO -   ✅ 🏋️‍♂️ deadlift: 500개
2025-06-06 20:54:27,485 - INFO -   ❌ 🔥 bench_press: 0개
2025-06-06 20:54:27,486 - INFO -   ❌ 💯 pull_up: 0개
2025-06-06 20:54:27,486 - INFO - 📸 총 이미지: 1500개
2025-06-06 20:54:27,486 - INFO - 🎯 사용 가능한 운동: 3종목
2025-06-06 20:54:27,486 - INFO - 🔄 5종목 데이터 전처리 시작... (완화된 기준 적용)
2025-06-06 20:54:27,513 - INFO - 📂 🏋️‍♀️ squat 처리 중...
2025-06-06 20:55:20,472 - INFO - 📂 💪 push_up 처리 중...
2025-06-06 20:56:13,530 - INFO - 📂 🏋️‍♂️ deadlift 처리 중...
2025-06-06 20:56:17,824 - INFO - 📂 🔥 bench_press 처리 중...
2025-06-06 20:56:17,824 - INFO -   ⚠️ bench_press 데이터 없음 - 건너뜀
2025-06-06 20:56:17,825 - INFO - 📂 💯 pull_up 처리 중...
2025-06-06 20:56:17,825 - INFO -   ⚠️ pull_up 데이터 없음 - 건너뜀
2025-06-06 20:56:17,825 - INFO - ✅ 5종목 데이터 전처리 완료! (완화된 기준)
2025-06-06 20:56:17,825 - INFO - 🎯 처리된 운동: 3종목
2025-06-06 20:56:17,826 - INFO -   🏋️‍♀️ squat: Good 127장 (26.3%), Bad 356장
2025-06-06 20:56:17,826 - INFO -   💪 push_up: Good 0장 (0.0%), Bad 481장
